<?xml version="1.0" encoding="UTF-8"?>
<!-- Generated by org.testng.reporters.JUnitXMLReporter -->
<testsuite hostname="bhajandevi" ignored="1" name="Default test" tests="1" failures="0" timestamp="21 Sep 2021 11:34:39 GMT" time="12.934" errors="0">
  <testcase name="createRepository" time="12.783" classname="gitHub.GitHubExample"/>
  <testcase name="getAllRepository" time="0.0" classname="gitHub.GitHubExample">
    <ignored/>
  </testcase> <!-- getAllRepository -->
</testsuite> <!-- Default test -->
