<?xml version="1.0" encoding="UTF-8"?>
<!-- Generated by org.testng.reporters.JUnitXMLReporter -->
<testsuite hostname="bhajandevi" ignored="1" name="Default test" tests="2" failures="0" timestamp="21 Sep 2021 08:49:18 GMT" time="13.488" errors="0">
  <testcase name="addContactWithMoreSize" time="12.568" classname="contactListApi.NegativeTest"/>
  <testcase name="getSpecificContact" time="0.757" classname="contactListApi.NegativeTest"/>
  <testcase name="addContact" time="0.0" classname="contactListApi.NegativeTest">
    <ignored/>
  </testcase> <!-- addContact -->
</testsuite> <!-- Default test -->
