<?xml version="1.0" encoding="UTF-8"?>
<testng-results skipped="0" failed="0" ignored="1" total="2" passed="1">
  <reporter-output>
  </reporter-output>
  <suite name="Default suite" duration-ms="12934" started-at="2021-09-21T11:34:24Z" finished-at="2021-09-21T11:34:37Z">
    <groups>
    </groups>
    <test name="Default test" duration-ms="12934" started-at="2021-09-21T11:34:24Z" finished-at="2021-09-21T11:34:37Z">
      <class name="gitHub.GitHubExample">
        <test-method status="PASS" signature="createRepository()[pri:0, instance:gitHub.GitHubExample@55f3ddb1]" name="createRepository" duration-ms="12783" started-at="2021-09-21T11:34:24Z" description="get all repository for Authentic user" finished-at="2021-09-21T11:34:37Z">
          <reporter-output>
          </reporter-output>
        </test-method> <!-- createRepository -->
      </class> <!-- gitHub.GitHubExample -->
    </test> <!-- Default test -->
  </suite> <!-- Default suite -->
</testng-results>
