<?xml version="1.0" encoding="UTF-8"?>
<testng-results skipped="0" failed="0" ignored="1" total="3" passed="2">
  <reporter-output>
  </reporter-output>
  <suite name="Default suite" duration-ms="13488" started-at="2021-09-21T08:49:04Z" finished-at="2021-09-21T08:49:18Z">
    <groups>
    </groups>
    <test name="Default test" duration-ms="13488" started-at="2021-09-21T08:49:04Z" finished-at="2021-09-21T08:49:18Z">
      <class name="contactListApi.NegativeTest">
        <test-method status="PASS" signature="addContactWithMoreSize()[pri:0, instance:contactListApi.NegativeTest@55f3ddb1]" name="addContactWithMoreSize" duration-ms="12568" started-at="2021-09-21T08:49:04Z" description="Negative Test with too many Character" finished-at="2021-09-21T08:49:17Z">
          <reporter-output>
          </reporter-output>
        </test-method> <!-- addContactWithMoreSize -->
        <test-method status="PASS" signature="getSpecificContact()[pri:0, instance:contactListApi.NegativeTest@55f3ddb1]" name="getSpecificContact" duration-ms="757" started-at="2021-09-21T08:49:17Z" description="Getting Contact which does not exist" finished-at="2021-09-21T08:49:18Z">
          <reporter-output>
          </reporter-output>
        </test-method> <!-- getSpecificContact -->
      </class> <!-- contactListApi.NegativeTest -->
    </test> <!-- Default test -->
  </suite> <!-- Default suite -->
</testng-results>
